<?xml version="1.0" encoding="UTF-8"?>
<robot generator="Robot 3.1.2 (Python 3.6.9 on linux)" generated="20200503 07:05:09.170" rpa="false">
<suite id="s1" name="L3 Service" source="/home/colt123/PycharmProjects/IQ-NET_L3-Lab/csit/suites/L3_Service.robot">
<kw name="Setup Actions" library="Resource" type="setup">
<kw name="Log To Console" library="BuiltIn">
<doc>Logs the given message to the console.</doc>
<arguments>
<arg>Setup Actions done here</arg>
</arguments>
<status status="PASS" starttime="20200503 07:05:13.677" endtime="20200503 07:05:13.678"></status>
</kw>
<kw name="Get Data" library="Connect_devices">
<assign>
<var>${Topo_data}</var>
</assign>
<msg timestamp="20200503 07:05:13.726" level="INFO">${Topo_data} = {'Device_Details': {'9K_R1': {'device_type': 'cisco_xr', 'ip': '10.91.126.101', 'port': '22', 'username': 'averma2', 'password': 'Ank#2018'}, '9K_R2': {'device_type': 'cisco_xr', 'ip': '10.91.126.102'...</msg>
<status status="PASS" starttime="20200503 07:05:13.679" endtime="20200503 07:05:13.726"></status>
</kw>
<kw name="Get From Dictionary" library="Collections">
<doc>Returns a value from the given ``dictionary`` based on the given ``key``.</doc>
<arguments>
<arg>${Topo_data}</arg>
<arg>Device_Details</arg>
</arguments>
<assign>
<var>${DEV_DICT}</var>
</assign>
<msg timestamp="20200503 07:05:13.727" level="INFO">${DEV_DICT} = {'9K_R1': {'device_type': 'cisco_xr', 'ip': '10.91.126.101', 'port': '22', 'username': 'averma2', 'password': 'Ank#2018'}, '9K_R2': {'device_type': 'cisco_xr', 'ip': '10.91.126.102', 'port': '22', 'us...</msg>
<status status="PASS" starttime="20200503 07:05:13.727" endtime="20200503 07:05:13.728"></status>
</kw>
<kw name="Get From Dictionary" library="Collections">
<doc>Returns a value from the given ``dictionary`` based on the given ``key``.</doc>
<arguments>
<arg>${Topo_data}</arg>
<arg>Port_Details</arg>
</arguments>
<assign>
<var>${PORT_DICT}</var>
</assign>
<msg timestamp="20200503 07:05:13.728" level="INFO">${PORT_DICT} = {'9K_R1': {'P1': 'TenGigE0/0/0/11', 'P2': 'TenGigE0/0/0/11'}, '9K_R2': {'P1': 'TenGigE0/0/0/11', 'P2': 'TenGigE0/0/0/11'}, '9K_R3': {'P1': 'TenGigE0/0/0/11', 'P2': 'TenGigE0/0/0/11'}, '9K_R4': {'P1': ...</msg>
<status status="PASS" starttime="20200503 07:05:13.728" endtime="20200503 07:05:13.729"></status>
</kw>
<kw name="Get From Dictionary" library="Collections">
<doc>Returns a value from the given ``dictionary`` based on the given ``key``.</doc>
<arguments>
<arg>${DEV_DICT}</arg>
<arg>9K_R1</arg>
</arguments>
<assign>
<var>${9K_R1_DICT}</var>
</assign>
<msg timestamp="20200503 07:05:13.729" level="INFO">${9K_R1_DICT} = {'device_type': 'cisco_xr', 'ip': '10.91.126.101', 'port': '22', 'username': 'averma2', 'password': 'Ank#2018'}</msg>
<status status="PASS" starttime="20200503 07:05:13.729" endtime="20200503 07:05:13.730"></status>
</kw>
<kw name="Make Connection" library="Connect_devices">
<arguments>
<arg>${9K_R1_DICT}</arg>
</arguments>
<assign>
<var>${9K_R1_net_connect}</var>
</assign>
<msg timestamp="20200503 07:05:24.576" level="INFO">&lt;netmiko.cisco.cisco_xr.CiscoXrSSH object at 0x7f5c43139470&gt;
cisco_xr: RP/0/RSP0/CPU0:sr1.BLB#</msg>
<msg timestamp="20200503 07:05:24.577" level="INFO">${9K_R1_net_connect} = &lt;netmiko.cisco.cisco_xr.CiscoXrSSH object at 0x7f5c43139470&gt;</msg>
<status status="PASS" starttime="20200503 07:05:13.730" endtime="20200503 07:05:24.577"></status>
</kw>
<kw name="Set Suite Variable" library="BuiltIn">
<doc>Makes a variable available everywhere within the scope of the current suite.</doc>
<arguments>
<arg>${9K_R1_net_connect}</arg>
</arguments>
<msg timestamp="20200503 07:05:24.578" level="INFO">${9K_R1_net_connect} = &lt;netmiko.cisco.cisco_xr.CiscoXrSSH object at 0x7f5c43139470&gt;</msg>
<status status="PASS" starttime="20200503 07:05:24.578" endtime="20200503 07:05:24.579"></status>
</kw>
<kw name="Log To Console" library="BuiltIn">
<doc>Logs the given message to the console.</doc>
<arguments>
<arg>Connection Establihed to 9K_R1</arg>
</arguments>
<status status="PASS" starttime="20200503 07:05:24.579" endtime="20200503 07:05:24.579"></status>
</kw>
<kw name="Get From Dictionary" library="Collections">
<doc>Returns a value from the given ``dictionary`` based on the given ``key``.</doc>
<arguments>
<arg>${PORT_DICT}</arg>
<arg>9K_R1</arg>
</arguments>
<assign>
<var>${PORT_9K_R1}</var>
</assign>
<msg timestamp="20200503 07:05:24.580" level="INFO">${PORT_9K_R1} = {'P1': 'TenGigE0/0/0/11', 'P2': 'TenGigE0/0/0/11'}</msg>
<status status="PASS" starttime="20200503 07:05:24.580" endtime="20200503 07:05:24.580"></status>
</kw>
<kw name="Get From Dictionary" library="Collections">
<doc>Returns a value from the given ``dictionary`` based on the given ``key``.</doc>
<arguments>
<arg>${PORT_9K_R1}</arg>
<arg>P1</arg>
</arguments>
<assign>
<var>${9K_R1_P1}</var>
</assign>
<msg timestamp="20200503 07:05:24.581" level="INFO">${9K_R1_P1} = TenGigE0/0/0/11</msg>
<status status="PASS" starttime="20200503 07:05:24.581" endtime="20200503 07:05:24.581"></status>
</kw>
<kw name="Get From Dictionary" library="Collections">
<doc>Returns a value from the given ``dictionary`` based on the given ``key``.</doc>
<arguments>
<arg>${PORT_9K_R1}</arg>
<arg>P2</arg>
</arguments>
<assign>
<var>${9K_R1_P2}</var>
</assign>
<msg timestamp="20200503 07:05:24.582" level="INFO">${9K_R1_P2} = TenGigE0/0/0/11</msg>
<status status="PASS" starttime="20200503 07:05:24.582" endtime="20200503 07:05:24.582"></status>
</kw>
<kw name="Set Suite Variable" library="BuiltIn">
<doc>Makes a variable available everywhere within the scope of the current suite.</doc>
<arguments>
<arg>${9K_R1_P1}</arg>
</arguments>
<msg timestamp="20200503 07:05:24.583" level="INFO">${9K_R1_P1} = TenGigE0/0/0/11</msg>
<status status="PASS" starttime="20200503 07:05:24.583" endtime="20200503 07:05:24.583"></status>
</kw>
<kw name="Set Suite Variable" library="BuiltIn">
<doc>Makes a variable available everywhere within the scope of the current suite.</doc>
<arguments>
<arg>${9K_R1_P2}</arg>
</arguments>
<msg timestamp="20200503 07:05:24.584" level="INFO">${9K_R1_P2} = TenGigE0/0/0/11</msg>
<status status="PASS" starttime="20200503 07:05:24.584" endtime="20200503 07:05:24.584"></status>
</kw>
<kw name="Get From Dictionary" library="Collections">
<doc>Returns a value from the given ``dictionary`` based on the given ``key``.</doc>
<arguments>
<arg>${DEV_DICT}</arg>
<arg>9K_R2</arg>
</arguments>
<assign>
<var>${9K_R2_DICT}</var>
</assign>
<msg timestamp="20200503 07:05:24.585" level="INFO">${9K_R2_DICT} = {'device_type': 'cisco_xr', 'ip': '10.91.126.102', 'port': '22', 'username': 'averma2', 'password': 'Ank#2018'}</msg>
<status status="PASS" starttime="20200503 07:05:24.585" endtime="20200503 07:05:24.585"></status>
</kw>
<kw name="Make Connection" library="Connect_devices">
<arguments>
<arg>${9K_R2_DICT}</arg>
</arguments>
<assign>
<var>${9K_R2_net_connect}</var>
</assign>
<msg timestamp="20200503 07:05:35.379" level="INFO">&lt;netmiko.cisco.cisco_xr.CiscoXrSSH object at 0x7f5c431430b8&gt;
cisco_xr: RP/0/RSP0/CPU0:sr2.BLB#</msg>
<msg timestamp="20200503 07:05:35.380" level="INFO">${9K_R2_net_connect} = &lt;netmiko.cisco.cisco_xr.CiscoXrSSH object at 0x7f5c431430b8&gt;</msg>
<status status="PASS" starttime="20200503 07:05:24.586" endtime="20200503 07:05:35.380"></status>
</kw>
<kw name="Set Suite Variable" library="BuiltIn">
<doc>Makes a variable available everywhere within the scope of the current suite.</doc>
<arguments>
<arg>${9K_R2_net_connect}</arg>
</arguments>
<msg timestamp="20200503 07:05:35.381" level="INFO">${9K_R2_net_connect} = &lt;netmiko.cisco.cisco_xr.CiscoXrSSH object at 0x7f5c431430b8&gt;</msg>
<status status="PASS" starttime="20200503 07:05:35.381" endtime="20200503 07:05:35.382"></status>
</kw>
<kw name="Log To Console" library="BuiltIn">
<doc>Logs the given message to the console.</doc>
<arguments>
<arg>Connection Establihed to 9K_R2</arg>
</arguments>
<status status="PASS" starttime="20200503 07:05:35.382" endtime="20200503 07:05:35.382"></status>
</kw>
<kw name="Get From Dictionary" library="Collections">
<doc>Returns a value from the given ``dictionary`` based on the given ``key``.</doc>
<arguments>
<arg>${PORT_DICT}</arg>
<arg>9K_R2</arg>
</arguments>
<assign>
<var>${PORT_9K_R2}</var>
</assign>
<msg timestamp="20200503 07:05:35.384" level="INFO">${PORT_9K_R2} = {'P1': 'TenGigE0/0/0/11', 'P2': 'TenGigE0/0/0/11'}</msg>
<status status="PASS" starttime="20200503 07:05:35.383" endtime="20200503 07:05:35.384"></status>
</kw>
<kw name="Get From Dictionary" library="Collections">
<doc>Returns a value from the given ``dictionary`` based on the given ``key``.</doc>
<arguments>
<arg>${PORT_9K_R2}</arg>
<arg>P1</arg>
</arguments>
<assign>
<var>${9K_R2_P1}</var>
</assign>
<msg timestamp="20200503 07:05:35.385" level="INFO">${9K_R2_P1} = TenGigE0/0/0/11</msg>
<status status="PASS" starttime="20200503 07:05:35.384" endtime="20200503 07:05:35.385"></status>
</kw>
<kw name="Get From Dictionary" library="Collections">
<doc>Returns a value from the given ``dictionary`` based on the given ``key``.</doc>
<arguments>
<arg>${PORT_9K_R2}</arg>
<arg>P2</arg>
</arguments>
<assign>
<var>${9K_R2_P2}</var>
</assign>
<msg timestamp="20200503 07:05:35.386" level="INFO">${9K_R2_P2} = TenGigE0/0/0/11</msg>
<status status="PASS" starttime="20200503 07:05:35.385" endtime="20200503 07:05:35.386"></status>
</kw>
<kw name="Set Suite Variable" library="BuiltIn">
<doc>Makes a variable available everywhere within the scope of the current suite.</doc>
<arguments>
<arg>${9K_R2_P1}</arg>
</arguments>
<msg timestamp="20200503 07:05:35.387" level="INFO">${9K_R2_P1} = TenGigE0/0/0/11</msg>
<status status="PASS" starttime="20200503 07:05:35.386" endtime="20200503 07:05:35.387"></status>
</kw>
<kw name="Set Suite Variable" library="BuiltIn">
<doc>Makes a variable available everywhere within the scope of the current suite.</doc>
<arguments>
<arg>${9K_R2_P2}</arg>
</arguments>
<msg timestamp="20200503 07:05:35.388" level="INFO">${9K_R2_P2} = TenGigE0/0/0/11</msg>
<status status="PASS" starttime="20200503 07:05:35.387" endtime="20200503 07:05:35.388"></status>
</kw>
<kw name="Get From Dictionary" library="Collections">
<doc>Returns a value from the given ``dictionary`` based on the given ``key``.</doc>
<arguments>
<arg>${DEV_DICT}</arg>
<arg>9K_R3</arg>
</arguments>
<assign>
<var>${9K_R3_DICT}</var>
</assign>
<msg timestamp="20200503 07:05:35.389" level="INFO">${9K_R3_DICT} = {'device_type': 'cisco_xr', 'ip': '10.91.126.103', 'port': '22', 'username': 'averma2', 'password': 'Ank#2018'}</msg>
<status status="PASS" starttime="20200503 07:05:35.388" endtime="20200503 07:05:35.389"></status>
</kw>
<kw name="Make Connection" library="Connect_devices">
<arguments>
<arg>${9K_R3_DICT}</arg>
</arguments>
<assign>
<var>${9K_R3_net_connect}</var>
</assign>
<msg timestamp="20200503 07:05:46.254" level="INFO">&lt;netmiko.cisco.cisco_xr.CiscoXrSSH object at 0x7f5c43143048&gt;
cisco_xr: RP/0/RSP1/CPU0:sr3.BLB#</msg>
<msg timestamp="20200503 07:05:46.254" level="INFO">${9K_R3_net_connect} = &lt;netmiko.cisco.cisco_xr.CiscoXrSSH object at 0x7f5c43143048&gt;</msg>
<status status="PASS" starttime="20200503 07:05:35.389" endtime="20200503 07:05:46.254"></status>
</kw>
<kw name="Set Suite Variable" library="BuiltIn">
<doc>Makes a variable available everywhere within the scope of the current suite.</doc>
<arguments>
<arg>${9K_R3_net_connect}</arg>
</arguments>
<msg timestamp="20200503 07:05:46.256" level="INFO">${9K_R3_net_connect} = &lt;netmiko.cisco.cisco_xr.CiscoXrSSH object at 0x7f5c43143048&gt;</msg>
<status status="PASS" starttime="20200503 07:05:46.255" endtime="20200503 07:05:46.256"></status>
</kw>
<kw name="Log To Console" library="BuiltIn">
<doc>Logs the given message to the console.</doc>
<arguments>
<arg>Connection Establihed to 9K_R3</arg>
</arguments>
<status status="PASS" starttime="20200503 07:05:46.256" endtime="20200503 07:05:46.257"></status>
</kw>
<kw name="Get From Dictionary" library="Collections">
<doc>Returns a value from the given ``dictionary`` based on the given ``key``.</doc>
<arguments>
<arg>${PORT_DICT}</arg>
<arg>9K_R3</arg>
</arguments>
<assign>
<var>${PORT_9K_R3}</var>
</assign>
<msg timestamp="20200503 07:05:46.258" level="INFO">${PORT_9K_R3} = {'P1': 'TenGigE0/0/0/11', 'P2': 'TenGigE0/0/0/11'}</msg>
<status status="PASS" starttime="20200503 07:05:46.257" endtime="20200503 07:05:46.258"></status>
</kw>
<kw name="Get From Dictionary" library="Collections">
<doc>Returns a value from the given ``dictionary`` based on the given ``key``.</doc>
<arguments>
<arg>${PORT_9K_R3}</arg>
<arg>P1</arg>
</arguments>
<assign>
<var>${9K_R3_P1}</var>
</assign>
<msg timestamp="20200503 07:05:46.259" level="INFO">${9K_R3_P1} = TenGigE0/0/0/11</msg>
<status status="PASS" starttime="20200503 07:05:46.258" endtime="20200503 07:05:46.259"></status>
</kw>
<kw name="Get From Dictionary" library="Collections">
<doc>Returns a value from the given ``dictionary`` based on the given ``key``.</doc>
<arguments>
<arg>${PORT_9K_R3}</arg>
<arg>P2</arg>
</arguments>
<assign>
<var>${9K_R3_P2}</var>
</assign>
<msg timestamp="20200503 07:05:46.260" level="INFO">${9K_R3_P2} = TenGigE0/0/0/11</msg>
<status status="PASS" starttime="20200503 07:05:46.259" endtime="20200503 07:05:46.260"></status>
</kw>
<kw name="Set Suite Variable" library="BuiltIn">
<doc>Makes a variable available everywhere within the scope of the current suite.</doc>
<arguments>
<arg>${9K_R3_P1}</arg>
</arguments>
<msg timestamp="20200503 07:05:46.261" level="INFO">${9K_R3_P1} = TenGigE0/0/0/11</msg>
<status status="PASS" starttime="20200503 07:05:46.260" endtime="20200503 07:05:46.261"></status>
</kw>
<kw name="Set Suite Variable" library="BuiltIn">
<doc>Makes a variable available everywhere within the scope of the current suite.</doc>
<arguments>
<arg>${9K_R3_P2}</arg>
</arguments>
<msg timestamp="20200503 07:05:46.262" level="INFO">${9K_R3_P2} = TenGigE0/0/0/11</msg>
<status status="PASS" starttime="20200503 07:05:46.261" endtime="20200503 07:05:46.262"></status>
</kw>
<kw name="Get From Dictionary" library="Collections">
<doc>Returns a value from the given ``dictionary`` based on the given ``key``.</doc>
<arguments>
<arg>${DEV_DICT}</arg>
<arg>9K_R4</arg>
</arguments>
<assign>
<var>${9K_R4_DICT}</var>
</assign>
<msg timestamp="20200503 07:05:46.263" level="INFO">${9K_R4_DICT} = {'device_type': 'cisco_xr', 'ip': '10.91.126.104', 'port': '22', 'username': 'averma2', 'password': 'Ank#2018'}</msg>
<status status="PASS" starttime="20200503 07:05:46.262" endtime="20200503 07:05:46.263"></status>
</kw>
<kw name="Make Connection" library="Connect_devices">
<arguments>
<arg>${9K_R4_DICT}</arg>
</arguments>
<assign>
<var>${9K_R4_net_connect}</var>
</assign>
<msg timestamp="20200503 07:05:57.023" level="INFO">&lt;netmiko.cisco.cisco_xr.CiscoXrSSH object at 0x7f5c4314b7f0&gt;
cisco_xr: RP/0/RSP1/CPU0:sr4.BLB#</msg>
<msg timestamp="20200503 07:05:57.023" level="INFO">${9K_R4_net_connect} = &lt;netmiko.cisco.cisco_xr.CiscoXrSSH object at 0x7f5c4314b7f0&gt;</msg>
<status status="PASS" starttime="20200503 07:05:46.263" endtime="20200503 07:05:57.023"></status>
</kw>
<kw name="Set Suite Variable" library="BuiltIn">
<doc>Makes a variable available everywhere within the scope of the current suite.</doc>
<arguments>
<arg>${9K_R4_net_connect}</arg>
</arguments>
<msg timestamp="20200503 07:05:57.025" level="INFO">${9K_R4_net_connect} = &lt;netmiko.cisco.cisco_xr.CiscoXrSSH object at 0x7f5c4314b7f0&gt;</msg>
<status status="PASS" starttime="20200503 07:05:57.024" endtime="20200503 07:05:57.025"></status>
</kw>
<kw name="Log To Console" library="BuiltIn">
<doc>Logs the given message to the console.</doc>
<arguments>
<arg>Connection Establihed to 9K_R4</arg>
</arguments>
<status status="PASS" starttime="20200503 07:05:57.025" endtime="20200503 07:05:57.026"></status>
</kw>
<kw name="Get From Dictionary" library="Collections">
<doc>Returns a value from the given ``dictionary`` based on the given ``key``.</doc>
<arguments>
<arg>${PORT_DICT}</arg>
<arg>9K_R4</arg>
</arguments>
<assign>
<var>${PORT_9K_R4}</var>
</assign>
<msg timestamp="20200503 07:05:57.027" level="INFO">${PORT_9K_R4} = {'P1': 'TenGigE0/0/0/11', 'P2': 'TenGigE0/0/0/11'}</msg>
<status status="PASS" starttime="20200503 07:05:57.026" endtime="20200503 07:05:57.027"></status>
</kw>
<kw name="Get From Dictionary" library="Collections">
<doc>Returns a value from the given ``dictionary`` based on the given ``key``.</doc>
<arguments>
<arg>${PORT_9K_R4}</arg>
<arg>P1</arg>
</arguments>
<assign>
<var>${9K_R4_P1}</var>
</assign>
<msg timestamp="20200503 07:05:57.028" level="INFO">${9K_R4_P1} = TenGigE0/0/0/11</msg>
<status status="PASS" starttime="20200503 07:05:57.027" endtime="20200503 07:05:57.028"></status>
</kw>
<kw name="Get From Dictionary" library="Collections">
<doc>Returns a value from the given ``dictionary`` based on the given ``key``.</doc>
<arguments>
<arg>${PORT_9K_R4}</arg>
<arg>P2</arg>
</arguments>
<assign>
<var>${9K_R4_P2}</var>
</assign>
<msg timestamp="20200503 07:05:57.029" level="INFO">${9K_R4_P2} = TenGigE0/0/0/11</msg>
<status status="PASS" starttime="20200503 07:05:57.029" endtime="20200503 07:05:57.030"></status>
</kw>
<kw name="Set Suite Variable" library="BuiltIn">
<doc>Makes a variable available everywhere within the scope of the current suite.</doc>
<arguments>
<arg>${9K_R4_P1}</arg>
</arguments>
<msg timestamp="20200503 07:05:57.030" level="INFO">${9K_R4_P1} = TenGigE0/0/0/11</msg>
<status status="PASS" starttime="20200503 07:05:57.030" endtime="20200503 07:05:57.031"></status>
</kw>
<kw name="Set Suite Variable" library="BuiltIn">
<doc>Makes a variable available everywhere within the scope of the current suite.</doc>
<arguments>
<arg>${9K_R4_P2}</arg>
</arguments>
<msg timestamp="20200503 07:05:57.031" level="INFO">${9K_R4_P2} = TenGigE0/0/0/11</msg>
<status status="PASS" starttime="20200503 07:05:57.031" endtime="20200503 07:05:57.032"></status>
</kw>
<kw name="Get From Dictionary" library="Collections">
<doc>Returns a value from the given ``dictionary`` based on the given ``key``.</doc>
<arguments>
<arg>${DEV_DICT}</arg>
<arg>NCS_R1</arg>
</arguments>
<assign>
<var>${NCS_R1_DICT}</var>
</assign>
<msg timestamp="20200503 07:05:57.033" level="INFO">${NCS_R1_DICT} = {'device_type': 'cisco_xr', 'ip': '10.91.126.111', 'port': '22', 'username': 'averma2', 'password': 'Ank#2018'}</msg>
<status status="PASS" starttime="20200503 07:05:57.032" endtime="20200503 07:05:57.033"></status>
</kw>
<kw name="Make Connection" library="Connect_devices">
<arguments>
<arg>${NCS_R1_DICT}</arg>
</arguments>
<assign>
<var>${NCS_R1_net_connect}</var>
</assign>
<msg timestamp="20200503 07:06:07.475" level="INFO">&lt;netmiko.cisco.cisco_xr.CiscoXrSSH object at 0x7f5c43148470&gt;
cisco_xr: RP/0/RP0/CPU0:ar1.BLB#</msg>
<msg timestamp="20200503 07:06:07.476" level="INFO">${NCS_R1_net_connect} = &lt;netmiko.cisco.cisco_xr.CiscoXrSSH object at 0x7f5c43148470&gt;</msg>
<status status="PASS" starttime="20200503 07:05:57.033" endtime="20200503 07:06:07.476"></status>
</kw>
<kw name="Set Suite Variable" library="BuiltIn">
<doc>Makes a variable available everywhere within the scope of the current suite.</doc>
<arguments>
<arg>${NCS_R1_net_connect}</arg>
</arguments>
<msg timestamp="20200503 07:06:07.477" level="INFO">${NCS_R1_net_connect} = &lt;netmiko.cisco.cisco_xr.CiscoXrSSH object at 0x7f5c43148470&gt;</msg>
<status status="PASS" starttime="20200503 07:06:07.476" endtime="20200503 07:06:07.477"></status>
</kw>
<kw name="Log To Console" library="BuiltIn">
<doc>Logs the given message to the console.</doc>
<arguments>
<arg>Connection Establihed to NCS_R1</arg>
</arguments>
<status status="PASS" starttime="20200503 07:06:07.477" endtime="20200503 07:06:07.478"></status>
</kw>
<kw name="Get From Dictionary" library="Collections">
<doc>Returns a value from the given ``dictionary`` based on the given ``key``.</doc>
<arguments>
<arg>${PORT_DICT}</arg>
<arg>NCS_R1</arg>
</arguments>
<assign>
<var>${PORT_NCS_R1}</var>
</assign>
<msg timestamp="20200503 07:06:07.479" level="INFO">${PORT_NCS_R1} = {'P1': 'TenGigE0/0/0/11', 'P2': 'TenGigE0/0/0/11'}</msg>
<status status="PASS" starttime="20200503 07:06:07.478" endtime="20200503 07:06:07.479"></status>
</kw>
<kw name="Get From Dictionary" library="Collections">
<doc>Returns a value from the given ``dictionary`` based on the given ``key``.</doc>
<arguments>
<arg>${PORT_NCS_R1}</arg>
<arg>P1</arg>
</arguments>
<assign>
<var>${NCS_R1_P1}</var>
</assign>
<msg timestamp="20200503 07:06:07.480" level="INFO">${NCS_R1_P1} = TenGigE0/0/0/11</msg>
<status status="PASS" starttime="20200503 07:06:07.479" endtime="20200503 07:06:07.480"></status>
</kw>
<kw name="Get From Dictionary" library="Collections">
<doc>Returns a value from the given ``dictionary`` based on the given ``key``.</doc>
<arguments>
<arg>${PORT_NCS_R1}</arg>
<arg>P2</arg>
</arguments>
<assign>
<var>${NCS_R1_P2}</var>
</assign>
<msg timestamp="20200503 07:06:07.481" level="INFO">${NCS_R1_P2} = TenGigE0/0/0/11</msg>
<status status="PASS" starttime="20200503 07:06:07.480" endtime="20200503 07:06:07.481"></status>
</kw>
<kw name="Set Suite Variable" library="BuiltIn">
<doc>Makes a variable available everywhere within the scope of the current suite.</doc>
<arguments>
<arg>${NCS_R1_P1}</arg>
</arguments>
<msg timestamp="20200503 07:06:07.482" level="INFO">${NCS_R1_P1} = TenGigE0/0/0/11</msg>
<status status="PASS" starttime="20200503 07:06:07.481" endtime="20200503 07:06:07.482"></status>
</kw>
<kw name="Set Suite Variable" library="BuiltIn">
<doc>Makes a variable available everywhere within the scope of the current suite.</doc>
<arguments>
<arg>${NCS_R1_P2}</arg>
</arguments>
<msg timestamp="20200503 07:06:07.483" level="INFO">${NCS_R1_P2} = TenGigE0/0/0/11</msg>
<status status="PASS" starttime="20200503 07:06:07.482" endtime="20200503 07:06:07.483"></status>
</kw>
<kw name="Get From Dictionary" library="Collections">
<doc>Returns a value from the given ``dictionary`` based on the given ``key``.</doc>
<arguments>
<arg>${DEV_DICT}</arg>
<arg>NCS_R2</arg>
</arguments>
<assign>
<var>${NCS_R2_DICT}</var>
</assign>
<msg timestamp="20200503 07:06:07.484" level="INFO">${NCS_R2_DICT} = {'device_type': 'cisco_xr', 'ip': '10.91.126.112', 'port': '22', 'username': 'averma2', 'password': 'Ank#2018'}</msg>
<status status="PASS" starttime="20200503 07:06:07.483" endtime="20200503 07:06:07.484"></status>
</kw>
<kw name="Make Connection" library="Connect_devices">
<arguments>
<arg>${NCS_R2_DICT}</arg>
</arguments>
<assign>
<var>${NCS_R2_net_connect}</var>
</assign>
<msg timestamp="20200503 07:06:19.027" level="INFO">&lt;netmiko.cisco.cisco_xr.CiscoXrSSH object at 0x7f5c430d3438&gt;
cisco_xr: RP/0/RP0/CPU0:ar2.BLB#</msg>
<msg timestamp="20200503 07:06:19.028" level="INFO">${NCS_R2_net_connect} = &lt;netmiko.cisco.cisco_xr.CiscoXrSSH object at 0x7f5c430d3438&gt;</msg>
<status status="PASS" starttime="20200503 07:06:07.484" endtime="20200503 07:06:19.029"></status>
</kw>
<kw name="Set Suite Variable" library="BuiltIn">
<doc>Makes a variable available everywhere within the scope of the current suite.</doc>
<arguments>
<arg>${NCS_R2_net_connect}</arg>
</arguments>
<msg timestamp="20200503 07:06:19.030" level="INFO">${NCS_R2_net_connect} = &lt;netmiko.cisco.cisco_xr.CiscoXrSSH object at 0x7f5c430d3438&gt;</msg>
<status status="PASS" starttime="20200503 07:06:19.029" endtime="20200503 07:06:19.030"></status>
</kw>
<kw name="Log To Console" library="BuiltIn">
<doc>Logs the given message to the console.</doc>
<arguments>
<arg>Connection Establihed to NCS_R2</arg>
</arguments>
<status status="PASS" starttime="20200503 07:06:19.030" endtime="20200503 07:06:19.031"></status>
</kw>
<kw name="Get From Dictionary" library="Collections">
<doc>Returns a value from the given ``dictionary`` based on the given ``key``.</doc>
<arguments>
<arg>${PORT_DICT}</arg>
<arg>NCS_R2</arg>
</arguments>
<assign>
<var>${PORT_NCS_R2}</var>
</assign>
<msg timestamp="20200503 07:06:19.032" level="INFO">${PORT_NCS_R2} = {'P1': 'TenGigE0/0/0/11', 'P2': 'TenGigE0/0/0/11'}</msg>
<status status="PASS" starttime="20200503 07:06:19.031" endtime="20200503 07:06:19.032"></status>
</kw>
<kw name="Get From Dictionary" library="Collections">
<doc>Returns a value from the given ``dictionary`` based on the given ``key``.</doc>
<arguments>
<arg>${PORT_NCS_R2}</arg>
<arg>P1</arg>
</arguments>
<assign>
<var>${NCS_R2_P1}</var>
</assign>
<msg timestamp="20200503 07:06:19.033" level="INFO">${NCS_R2_P1} = TenGigE0/0/0/11</msg>
<status status="PASS" starttime="20200503 07:06:19.032" endtime="20200503 07:06:19.033"></status>
</kw>
<kw name="Get From Dictionary" library="Collections">
<doc>Returns a value from the given ``dictionary`` based on the given ``key``.</doc>
<arguments>
<arg>${PORT_NCS_R2}</arg>
<arg>P2</arg>
</arguments>
<assign>
<var>${NCS_R2_P2}</var>
</assign>
<msg timestamp="20200503 07:06:19.034" level="INFO">${NCS_R2_P2} = TenGigE0/0/0/11</msg>
<status status="PASS" starttime="20200503 07:06:19.033" endtime="20200503 07:06:19.034"></status>
</kw>
<kw name="Set Suite Variable" library="BuiltIn">
<doc>Makes a variable available everywhere within the scope of the current suite.</doc>
<arguments>
<arg>${NCS_R2_P1}</arg>
</arguments>
<msg timestamp="20200503 07:06:19.035" level="INFO">${NCS_R2_P1} = TenGigE0/0/0/11</msg>
<status status="PASS" starttime="20200503 07:06:19.034" endtime="20200503 07:06:19.035"></status>
</kw>
<kw name="Set Suite Variable" library="BuiltIn">
<doc>Makes a variable available everywhere within the scope of the current suite.</doc>
<arguments>
<arg>${NCS_R2_P2}</arg>
</arguments>
<msg timestamp="20200503 07:06:19.036" level="INFO">${NCS_R2_P2} = TenGigE0/0/0/11</msg>
<status status="PASS" starttime="20200503 07:06:19.035" endtime="20200503 07:06:19.036"></status>
</kw>
<kw name="Get From Dictionary" library="Collections">
<doc>Returns a value from the given ``dictionary`` based on the given ``key``.</doc>
<arguments>
<arg>${DEV_DICT}</arg>
<arg>NCS_R3</arg>
</arguments>
<assign>
<var>${NCS_R3_DICT}</var>
</assign>
<msg timestamp="20200503 07:06:19.037" level="INFO">${NCS_R3_DICT} = {'device_type': 'cisco_xr', 'ip': '10.91.126.113', 'port': '22', 'username': 'averma2', 'password': 'Ank#2018'}</msg>
<status status="PASS" starttime="20200503 07:06:19.036" endtime="20200503 07:06:19.037"></status>
</kw>
<kw name="Make Connection" library="Connect_devices">
<arguments>
<arg>${NCS_R3_DICT}</arg>
</arguments>
<assign>
<var>${NCS_R3_net_connect}</var>
</assign>
<msg timestamp="20200503 07:06:29.492" level="INFO">&lt;netmiko.cisco.cisco_xr.CiscoXrSSH object at 0x7f5c43148a58&gt;
cisco_xr: RP/0/RP0/CPU0:ar3.BLB#</msg>
<msg timestamp="20200503 07:06:29.493" level="INFO">${NCS_R3_net_connect} = &lt;netmiko.cisco.cisco_xr.CiscoXrSSH object at 0x7f5c43148a58&gt;</msg>
<status status="PASS" starttime="20200503 07:06:19.037" endtime="20200503 07:06:29.493"></status>
</kw>
<kw name="Set Suite Variable" library="BuiltIn">
<doc>Makes a variable available everywhere within the scope of the current suite.</doc>
<arguments>
<arg>${NCS_R3_net_connect}</arg>
</arguments>
<msg timestamp="20200503 07:06:29.494" level="INFO">${NCS_R3_net_connect} = &lt;netmiko.cisco.cisco_xr.CiscoXrSSH object at 0x7f5c43148a58&gt;</msg>
<status status="PASS" starttime="20200503 07:06:29.493" endtime="20200503 07:06:29.494"></status>
</kw>
<kw name="Log To Console" library="BuiltIn">
<doc>Logs the given message to the console.</doc>
<arguments>
<arg>Connection Establihed to NCS_R3</arg>
</arguments>
<status status="PASS" starttime="20200503 07:06:29.494" endtime="20200503 07:06:29.495"></status>
</kw>
<kw name="Get From Dictionary" library="Collections">
<doc>Returns a value from the given ``dictionary`` based on the given ``key``.</doc>
<arguments>
<arg>${PORT_DICT}</arg>
<arg>NCS_R3</arg>
</arguments>
<assign>
<var>${PORT_NCS_R3}</var>
</assign>
<msg timestamp="20200503 07:06:29.496" level="INFO">${PORT_NCS_R3} = {'P1': 'TenGigE0/0/0/11', 'P2': 'TenGigE0/0/0/11'}</msg>
<status status="PASS" starttime="20200503 07:06:29.495" endtime="20200503 07:06:29.496"></status>
</kw>
<kw name="Get From Dictionary" library="Collections">
<doc>Returns a value from the given ``dictionary`` based on the given ``key``.</doc>
<arguments>
<arg>${PORT_NCS_R3}</arg>
<arg>P1</arg>
</arguments>
<assign>
<var>${NCS_R3_P1}</var>
</assign>
<msg timestamp="20200503 07:06:29.497" level="INFO">${NCS_R3_P1} = TenGigE0/0/0/11</msg>
<status status="PASS" starttime="20200503 07:06:29.496" endtime="20200503 07:06:29.497"></status>
</kw>
<kw name="Get From Dictionary" library="Collections">
<doc>Returns a value from the given ``dictionary`` based on the given ``key``.</doc>
<arguments>
<arg>${PORT_NCS_R3}</arg>
<arg>P2</arg>
</arguments>
<assign>
<var>${NCS_R3_P2}</var>
</assign>
<msg timestamp="20200503 07:06:29.498" level="INFO">${NCS_R3_P2} = TenGigE0/0/0/11</msg>
<status status="PASS" starttime="20200503 07:06:29.497" endtime="20200503 07:06:29.498"></status>
</kw>
<kw name="Set Suite Variable" library="BuiltIn">
<doc>Makes a variable available everywhere within the scope of the current suite.</doc>
<arguments>
<arg>${NCS_R3_P1}</arg>
</arguments>
<msg timestamp="20200503 07:06:29.499" level="INFO">${NCS_R3_P1} = TenGigE0/0/0/11</msg>
<status status="PASS" starttime="20200503 07:06:29.498" endtime="20200503 07:06:29.499"></status>
</kw>
<kw name="Set Suite Variable" library="BuiltIn">
<doc>Makes a variable available everywhere within the scope of the current suite.</doc>
<arguments>
<arg>${NCS_R3_P2}</arg>
</arguments>
<msg timestamp="20200503 07:06:29.500" level="INFO">${NCS_R3_P2} = TenGigE0/0/0/11</msg>
<status status="PASS" starttime="20200503 07:06:29.499" endtime="20200503 07:06:29.500"></status>
</kw>
<kw name="Get From Dictionary" library="Collections">
<doc>Returns a value from the given ``dictionary`` based on the given ``key``.</doc>
<arguments>
<arg>${DEV_DICT}</arg>
<arg>NCS_R4</arg>
</arguments>
<assign>
<var>${NCS_R4_DICT}</var>
</assign>
<msg timestamp="20200503 07:06:29.501" level="INFO">${NCS_R4_DICT} = {'device_type': 'cisco_xr', 'ip': '10.91.126.114', 'port': '22', 'username': 'averma2', 'password': 'Ank#2018'}</msg>
<status status="PASS" starttime="20200503 07:06:29.500" endtime="20200503 07:06:29.501"></status>
</kw>
<kw name="Make Connection" library="Connect_devices">
<arguments>
<arg>${NCS_R4_DICT}</arg>
</arguments>
<assign>
<var>${NCS_R4_net_connect}</var>
</assign>
<msg timestamp="20200503 07:06:41.043" level="INFO">&lt;netmiko.cisco.cisco_xr.CiscoXrSSH object at 0x7f5c430de358&gt;
cisco_xr: RP/0/RP0/CPU0:ar4.BLB#</msg>
<msg timestamp="20200503 07:06:41.043" level="INFO">${NCS_R4_net_connect} = &lt;netmiko.cisco.cisco_xr.CiscoXrSSH object at 0x7f5c430de358&gt;</msg>
<status status="PASS" starttime="20200503 07:06:29.501" endtime="20200503 07:06:41.043"></status>
</kw>
<kw name="Set Suite Variable" library="BuiltIn">
<doc>Makes a variable available everywhere within the scope of the current suite.</doc>
<arguments>
<arg>${NCS_R4_net_connect}</arg>
</arguments>
<msg timestamp="20200503 07:06:41.044" level="INFO">${NCS_R4_net_connect} = &lt;netmiko.cisco.cisco_xr.CiscoXrSSH object at 0x7f5c430de358&gt;</msg>
<status status="PASS" starttime="20200503 07:06:41.044" endtime="20200503 07:06:41.044"></status>
</kw>
<kw name="Log To Console" library="BuiltIn">
<doc>Logs the given message to the console.</doc>
<arguments>
<arg>Connection Establihed to NCS_R4</arg>
</arguments>
<status status="PASS" starttime="20200503 07:06:41.045" endtime="20200503 07:06:41.045"></status>
</kw>
<kw name="Get From Dictionary" library="Collections">
<doc>Returns a value from the given ``dictionary`` based on the given ``key``.</doc>
<arguments>
<arg>${PORT_DICT}</arg>
<arg>NCS_R4</arg>
</arguments>
<assign>
<var>${PORT_NCS_R4}</var>
</assign>
<msg timestamp="20200503 07:06:41.046" level="INFO">${PORT_NCS_R4} = {'P1': 'TenGigE0/0/0/11', 'P2': 'TenGigE0/0/0/11'}</msg>
<status status="PASS" starttime="20200503 07:06:41.046" endtime="20200503 07:06:41.046"></status>
</kw>
<kw name="Get From Dictionary" library="Collections">
<doc>Returns a value from the given ``dictionary`` based on the given ``key``.</doc>
<arguments>
<arg>${PORT_NCS_R4}</arg>
<arg>P1</arg>
</arguments>
<assign>
<var>${NCS_R4_P1}</var>
</assign>
<msg timestamp="20200503 07:06:41.047" level="INFO">${NCS_R4_P1} = TenGigE0/0/0/11</msg>
<status status="PASS" starttime="20200503 07:06:41.047" endtime="20200503 07:06:41.047"></status>
</kw>
<kw name="Get From Dictionary" library="Collections">
<doc>Returns a value from the given ``dictionary`` based on the given ``key``.</doc>
<arguments>
<arg>${PORT_NCS_R4}</arg>
<arg>P2</arg>
</arguments>
<assign>
<var>${NCS_R4_P2}</var>
</assign>
<msg timestamp="20200503 07:06:41.048" level="INFO">${NCS_R4_P2} = TenGigE0/0/0/11</msg>
<status status="PASS" starttime="20200503 07:06:41.048" endtime="20200503 07:06:41.049"></status>
</kw>
<kw name="Set Suite Variable" library="BuiltIn">
<doc>Makes a variable available everywhere within the scope of the current suite.</doc>
<arguments>
<arg>${NCS_R4_P1}</arg>
</arguments>
<msg timestamp="20200503 07:06:41.049" level="INFO">${NCS_R4_P1} = TenGigE0/0/0/11</msg>
<status status="PASS" starttime="20200503 07:06:41.049" endtime="20200503 07:06:41.050"></status>
</kw>
<kw name="Set Suite Variable" library="BuiltIn">
<doc>Makes a variable available everywhere within the scope of the current suite.</doc>
<arguments>
<arg>${NCS_R4_P2}</arg>
</arguments>
<msg timestamp="20200503 07:06:41.050" level="INFO">${NCS_R4_P2} = TenGigE0/0/0/11</msg>
<status status="PASS" starttime="20200503 07:06:41.050" endtime="20200503 07:06:41.051"></status>
</kw>
<kw name="Get From Dictionary" library="Collections">
<doc>Returns a value from the given ``dictionary`` based on the given ``key``.</doc>
<arguments>
<arg>${DEV_DICT}</arg>
<arg>ACC_R1</arg>
</arguments>
<assign>
<var>${ACC_R1_DICT}</var>
</assign>
<msg timestamp="20200503 07:06:41.051" level="INFO">${ACC_R1_DICT} = {'device_type': 'accedian', 'ip': '10.91.112.125', 'port': '22', 'username': 'admin', 'password': 'admin'}</msg>
<status status="PASS" starttime="20200503 07:06:41.051" endtime="20200503 07:06:41.052"></status>
</kw>
<kw name="Make Connection Accedian" library="Connect_devices">
<arguments>
<arg>${ACC_R1_DICT}</arg>
</arguments>
<assign>
<var>${ACC_R1_net_connect}</var>
</assign>
<msg timestamp="20200503 07:06:50.969" level="INFO">&lt;netmiko.accedian.accedian_ssh.AccedianSSH object at 0x7f5c430de2b0&gt;
accedian: SNG-SC-000001:</msg>
<msg timestamp="20200503 07:06:50.969" level="INFO">${ACC_R1_net_connect} = &lt;netmiko.accedian.accedian_ssh.AccedianSSH object at 0x7f5c430de2b0&gt;</msg>
<status status="PASS" starttime="20200503 07:06:41.052" endtime="20200503 07:06:50.969"></status>
</kw>
<kw name="Set Suite Variable" library="BuiltIn">
<doc>Makes a variable available everywhere within the scope of the current suite.</doc>
<arguments>
<arg>${ACC_R1_net_connect}</arg>
</arguments>
<msg timestamp="20200503 07:06:50.970" level="INFO">${ACC_R1_net_connect} = &lt;netmiko.accedian.accedian_ssh.AccedianSSH object at 0x7f5c430de2b0&gt;</msg>
<status status="PASS" starttime="20200503 07:06:50.970" endtime="20200503 07:06:50.971"></status>
</kw>
<kw name="Log To Console" library="BuiltIn">
<doc>Logs the given message to the console.</doc>
<arguments>
<arg>Connection Establihed to ACC_R1</arg>
</arguments>
<status status="PASS" starttime="20200503 07:06:50.971" endtime="20200503 07:06:50.971"></status>
</kw>
<kw name="Get From Dictionary" library="Collections">
<doc>Returns a value from the given ``dictionary`` based on the given ``key``.</doc>
<arguments>
<arg>${PORT_DICT}</arg>
<arg>ACC_R1</arg>
</arguments>
<assign>
<var>${PORT_ACC_R1}</var>
</assign>
<msg timestamp="20200503 07:06:50.972" level="INFO">${PORT_ACC_R1} = {'P1': 'TenGigE0/0/0/11', 'P2': 'TenGigE0/0/0/11'}</msg>
<status status="PASS" starttime="20200503 07:06:50.972" endtime="20200503 07:06:50.972"></status>
</kw>
<kw name="Get From Dictionary" library="Collections">
<doc>Returns a value from the given ``dictionary`` based on the given ``key``.</doc>
<arguments>
<arg>${PORT_ACC_R1}</arg>
<arg>P1</arg>
</arguments>
<assign>
<var>${ACC_R1_P1}</var>
</assign>
<msg timestamp="20200503 07:06:50.973" level="INFO">${ACC_R1_P1} = TenGigE0/0/0/11</msg>
<status status="PASS" starttime="20200503 07:06:50.973" endtime="20200503 07:06:50.973"></status>
</kw>
<kw name="Get From Dictionary" library="Collections">
<doc>Returns a value from the given ``dictionary`` based on the given ``key``.</doc>
<arguments>
<arg>${PORT_ACC_R1}</arg>
<arg>P2</arg>
</arguments>
<assign>
<var>${ACC_R1_P2}</var>
</assign>
<msg timestamp="20200503 07:06:50.974" level="INFO">${ACC_R1_P2} = TenGigE0/0/0/11</msg>
<status status="PASS" starttime="20200503 07:06:50.974" endtime="20200503 07:06:50.974"></status>
</kw>
<kw name="Set Suite Variable" library="BuiltIn">
<doc>Makes a variable available everywhere within the scope of the current suite.</doc>
<arguments>
<arg>${ACC_R1_P1}</arg>
</arguments>
<msg timestamp="20200503 07:06:50.975" level="INFO">${ACC_R1_P1} = TenGigE0/0/0/11</msg>
<status status="PASS" starttime="20200503 07:06:50.975" endtime="20200503 07:06:50.975"></status>
</kw>
<kw name="Set Suite Variable" library="BuiltIn">
<doc>Makes a variable available everywhere within the scope of the current suite.</doc>
<arguments>
<arg>${ACC_R1_P2}</arg>
</arguments>
<msg timestamp="20200503 07:06:50.976" level="INFO">${ACC_R1_P2} = TenGigE0/0/0/11</msg>
<status status="PASS" starttime="20200503 07:06:50.976" endtime="20200503 07:06:50.976"></status>
</kw>
<kw name="Get From Dictionary" library="Collections">
<doc>Returns a value from the given ``dictionary`` based on the given ``key``.</doc>
<arguments>
<arg>${DEV_DICT}</arg>
<arg>CPE_R1</arg>
</arguments>
<assign>
<var>${CPE_R1_DICT}</var>
</assign>
<msg timestamp="20200503 07:06:50.977" level="INFO">${CPE_R1_DICT} = {'device_type': 'cisco_ios', 'ip': '10.91.141.164', 'port': '23', 'username': 'colt123', 'password': 'colt123'}</msg>
<status status="PASS" starttime="20200503 07:06:50.977" endtime="20200503 07:06:50.977"></status>
</kw>
<kw name="Make Connection" library="Connect_devices">
<arguments>
<arg>${CPE_R1_DICT}</arg>
</arguments>
<assign>
<var>${CPE_R1_net_connect}</var>
</assign>
<msg timestamp="20200503 07:08:31.081" level="FAIL">NetmikoTimeoutException: Connection to device timed-out: cisco_ios 10.91.141.164:23</msg>
<status status="FAIL" starttime="20200503 07:06:50.978" endtime="20200503 07:08:31.081"></status>
</kw>
<status status="FAIL" starttime="20200503 07:05:13.676" endtime="20200503 07:08:31.082"></status>
</kw>
<test id="s1-t1" name="L3_Test">
<tags>
<tag>L3_Test</tag>
</tags>
<status status="FAIL" starttime="20200503 07:08:31.082" endtime="20200503 07:08:31.083" critical="yes">Parent suite setup failed:
NetmikoTimeoutException: Connection to device timed-out: cisco_ios 10.91.141.164:23</status>
</test>
<kw name="Teardown Actions" library="Resource" type="teardown">
<kw name="Log To Console" library="BuiltIn">
<doc>Logs the given message to the console.</doc>
<arguments>
<arg>Teardown Actions done here</arg>
</arguments>
<status status="PASS" starttime="20200503 07:08:31.085" endtime="20200503 07:08:31.086"></status>
</kw>
<kw name="Close Connection" library="Connect_devices">
<arguments>
<arg>${9K_R1_net_connect}</arg>
</arguments>
<msg timestamp="20200503 07:08:31.132" level="INFO">&lt;netmiko.cisco.cisco_xr.CiscoXrSSH object at 0x7f5c43139470&gt; connection closed</msg>
<status status="PASS" starttime="20200503 07:08:31.086" endtime="20200503 07:08:31.132"></status>
</kw>
<kw name="Close Connection" library="Connect_devices">
<arguments>
<arg>${9K_R2_net_connect}</arg>
</arguments>
<msg timestamp="20200503 07:08:31.178" level="INFO">&lt;netmiko.cisco.cisco_xr.CiscoXrSSH object at 0x7f5c431430b8&gt; connection closed</msg>
<status status="PASS" starttime="20200503 07:08:31.133" endtime="20200503 07:08:31.179"></status>
</kw>
<kw name="Close Connection" library="Connect_devices">
<arguments>
<arg>${9K_R3_net_connect}</arg>
</arguments>
<msg timestamp="20200503 07:08:31.225" level="INFO">&lt;netmiko.cisco.cisco_xr.CiscoXrSSH object at 0x7f5c43143048&gt; connection closed</msg>
<status status="PASS" starttime="20200503 07:08:31.179" endtime="20200503 07:08:31.226"></status>
</kw>
<kw name="Close Connection" library="Connect_devices">
<arguments>
<arg>${9K_R4_net_connect}</arg>
</arguments>
<msg timestamp="20200503 07:08:31.272" level="INFO">&lt;netmiko.cisco.cisco_xr.CiscoXrSSH object at 0x7f5c4314b7f0&gt; connection closed</msg>
<status status="PASS" starttime="20200503 07:08:31.226" endtime="20200503 07:08:31.272"></status>
</kw>
<kw name="Close Connection" library="Connect_devices">
<arguments>
<arg>${NCS_R1_net_connect}</arg>
</arguments>
<msg timestamp="20200503 07:08:31.376" level="INFO">&lt;netmiko.cisco.cisco_xr.CiscoXrSSH object at 0x7f5c43148470&gt; connection closed</msg>
<status status="PASS" starttime="20200503 07:08:31.272" endtime="20200503 07:08:31.376"></status>
</kw>
<kw name="Close Connection" library="Connect_devices">
<arguments>
<arg>${NCS_R2_net_connect}</arg>
</arguments>
<msg timestamp="20200503 07:08:31.480" level="INFO">&lt;netmiko.cisco.cisco_xr.CiscoXrSSH object at 0x7f5c430d3438&gt; connection closed</msg>
<status status="PASS" starttime="20200503 07:08:31.377" endtime="20200503 07:08:31.480"></status>
</kw>
<kw name="Close Connection" library="Connect_devices">
<arguments>
<arg>${NCS_R3_net_connect}</arg>
</arguments>
<msg timestamp="20200503 07:08:31.583" level="INFO">&lt;netmiko.cisco.cisco_xr.CiscoXrSSH object at 0x7f5c43148a58&gt; connection closed</msg>
<status status="PASS" starttime="20200503 07:08:31.480" endtime="20200503 07:08:31.583"></status>
</kw>
<kw name="Close Connection" library="Connect_devices">
<arguments>
<arg>${NCS_R4_net_connect}</arg>
</arguments>
<msg timestamp="20200503 07:08:31.688" level="INFO">&lt;netmiko.cisco.cisco_xr.CiscoXrSSH object at 0x7f5c430de358&gt; connection closed</msg>
<status status="PASS" starttime="20200503 07:08:31.584" endtime="20200503 07:08:31.688"></status>
</kw>
<kw name="Close Connection" library="Connect_devices">
<arguments>
<arg>${ACC_R1_net_connect}</arg>
</arguments>
<msg timestamp="20200503 07:08:31.689" level="INFO">&lt;netmiko.accedian.accedian_ssh.AccedianSSH object at 0x7f5c430de2b0&gt; connection closed</msg>
<status status="PASS" starttime="20200503 07:08:31.688" endtime="20200503 07:08:31.690"></status>
</kw>
<kw name="Close Connection" library="Connect_devices">
<arguments>
<arg>${CPE_R1_net_connect}</arg>
</arguments>
<msg timestamp="20200503 07:08:31.694" level="FAIL">Variable '${CPE_R1_net_connect}' not found. Did you mean:
    ${NCS_R1_net_connect}
    ${ACC_R1_net_connect}</msg>
<status status="FAIL" starttime="20200503 07:08:31.690" endtime="20200503 07:08:31.694"></status>
</kw>
<status status="FAIL" starttime="20200503 07:08:31.084" endtime="20200503 07:08:31.695">Variable '${CPE_R1_net_connect}' not found. Did you mean:
    ${NCS_R1_net_connect}
    ${ACC_R1_net_connect}</status>
</kw>
<doc>A test suite with tests for P2P conenctivity.
Topology:-
____________________________


Testplan Goals:-
1. CHECK P2P EPL service.</doc>
<metadata>
<item name="Version">1.0
More Info For more information about Robot Framework see http://robotframework.org
Author Sathishkumar murugesan
Date 12 Dec 2017
Executed At HOST
Test Framework Robot Framework Python</item>
</metadata>
<status status="FAIL" starttime="20200503 07:05:09.172" endtime="20200503 07:08:31.695">Suite setup failed:
NetmikoTimeoutException: Connection to device timed-out: cisco_ios 10.91.141.164:23

Also suite teardown failed:
Variable '${CPE_R1_net_connect}' not found. Did you mean:
    ${NCS_R1_net_connect}
    ${ACC_R1_net_connect}</status>
</suite>
<statistics>
<total>
<stat pass="0" fail="1">Critical Tests</stat>
<stat pass="0" fail="1">All Tests</stat>
</total>
<tag>
<stat pass="0" fail="1">L3_Test</stat>
</tag>
<suite>
<stat pass="0" fail="1" id="s1" name="L3 Service">L3 Service</stat>
</suite>
</statistics>
<errors>
</errors>
</robot>
